[22-Mar-2018 14:49:28 Asia/Jakarta] PHP Warning:  Invalid argument supplied for foreach() in /home/loyalty-pillar/apps/release/2017-10-25-17-54-37/app/models/Merchants.php on line 48
[22-Mar-2018 14:49:37 Asia/Jakarta] PHP Warning:  Invalid argument supplied for foreach() in /home/loyalty-pillar/apps/release/2017-10-25-17-54-37/app/models/Merchants.php on line 48
[22-Mar-2018 14:49:45 Asia/Jakarta] PHP Warning:  Invalid argument supplied for foreach() in /home/loyalty-pillar/apps/release/2017-10-25-17-54-37/app/models/Merchants.php on line 48
[22-Mar-2018 14:50:10 Asia/Jakarta] PHP Warning:  Invalid argument supplied for foreach() in /home/loyalty-pillar/apps/release/2017-10-25-17-54-37/app/models/Merchants.php on line 48
[22-Mar-2018 14:50:40 Asia/Jakarta] PHP Warning:  Invalid argument supplied for foreach() in /home/loyalty-pillar/apps/release/2017-10-25-17-54-37/app/models/Merchants.php on line 48
[22-Mar-2018 14:50:48 Asia/Jakarta] PHP Warning:  Invalid argument supplied for foreach() in /home/loyalty-pillar/apps/release/2017-10-25-17-54-37/app/models/Merchants.php on line 48
[22-Mar-2018 14:51:17 Asia/Jakarta] PHP Warning:  Invalid argument supplied for foreach() in /home/loyalty-pillar/apps/release/2017-10-25-17-54-37/app/models/Merchants.php on line 48
[22-Mar-2018 19:04:39 Asia/Jakarta] PHP Notice:  Undefined index: merchant_id in /home/loyalty-pillar/apps/release/2017-10-25-17-54-37/app/controllers/StoreController.php on line 71
[22-Mar-2018 19:05:44 Asia/Jakarta] PHP Warning:  Invalid argument supplied for foreach() in /home/loyalty-pillar/apps/release/2017-10-25-17-54-37/app/models/Terminals.php on line 198
[22-Mar-2018 19:19:22 Asia/Jakarta] PHP Notice:  Undefined offset: 13 in /home/loyalty-pillar/apps/release/2017-10-25-17-54-37/cache/_home_loyalty-pillar_apps_release_2017-10-25-17-54-37_app_views_purple_account_viewclosed.volt.php on line 91
[22-Mar-2018 19:51:56 Asia/Jakarta] PHP Notice:  Undefined variable: list_stores in /home/loyalty-pillar/apps/release/2017-10-25-17-54-37/cache/_home_loyalty-pillar_apps_release_2017-10-25-17-54-37_app_views_purple_report_allsettlementsummary.volt.php on line 142
[22-Mar-2018 19:51:56 Asia/Jakarta] PHP Warning:  Invalid argument supplied for foreach() in /home/loyalty-pillar/apps/release/2017-10-25-17-54-37/cache/_home_loyalty-pillar_apps_release_2017-10-25-17-54-37_app_views_purple_report_allsettlementsummary.volt.php on line 142
[22-Mar-2018 19:52:15 Asia/Jakarta] PHP Notice:  Undefined variable: list_stores in /home/loyalty-pillar/apps/release/2017-10-25-17-54-37/cache/_home_loyalty-pillar_apps_release_2017-10-25-17-54-37_app_views_purple_report_allsettlementsummary.volt.php on line 142
[22-Mar-2018 19:52:15 Asia/Jakarta] PHP Warning:  Invalid argument supplied for foreach() in /home/loyalty-pillar/apps/release/2017-10-25-17-54-37/cache/_home_loyalty-pillar_apps_release_2017-10-25-17-54-37_app_views_purple_report_allsettlementsummary.volt.php on line 142
[22-Mar-2018 19:52:30 Asia/Jakarta] PHP Notice:  Undefined variable: list_stores in /home/loyalty-pillar/apps/release/2017-10-25-17-54-37/cache/_home_loyalty-pillar_apps_release_2017-10-25-17-54-37_app_views_purple_report_allsettlementsummary.volt.php on line 142
[22-Mar-2018 19:52:30 Asia/Jakarta] PHP Warning:  Invalid argument supplied for foreach() in /home/loyalty-pillar/apps/release/2017-10-25-17-54-37/cache/_home_loyalty-pillar_apps_release_2017-10-25-17-54-37_app_views_purple_report_allsettlementsummary.volt.php on line 142
[22-Mar-2018 19:52:33 Asia/Jakarta] PHP Notice:  Undefined index: payment_method in /home/loyalty-pillar/apps/release/2017-10-25-17-54-37/app/models/Merchants.php on line 47
[22-Mar-2018 19:52:33 Asia/Jakarta] PHP Warning:  Invalid argument supplied for foreach() in /home/loyalty-pillar/apps/release/2017-10-25-17-54-37/app/models/Merchants.php on line 48
[22-Mar-2018 19:53:14 Asia/Jakarta] PHP Notice:  Undefined variable: list_stores in /home/loyalty-pillar/apps/release/2017-10-25-17-54-37/cache/_home_loyalty-pillar_apps_release_2017-10-25-17-54-37_app_views_purple_report_allsettlementsummary.volt.php on line 142
[22-Mar-2018 19:53:14 Asia/Jakarta] PHP Warning:  Invalid argument supplied for foreach() in /home/loyalty-pillar/apps/release/2017-10-25-17-54-37/cache/_home_loyalty-pillar_apps_release_2017-10-25-17-54-37_app_views_purple_report_allsettlementsummary.volt.php on line 142
[22-Mar-2018 19:53:17 Asia/Jakarta] PHP Notice:  Undefined index: payment_method in /home/loyalty-pillar/apps/release/2017-10-25-17-54-37/app/models/Merchants.php on line 47
[22-Mar-2018 19:53:17 Asia/Jakarta] PHP Warning:  Invalid argument supplied for foreach() in /home/loyalty-pillar/apps/release/2017-10-25-17-54-37/app/models/Merchants.php on line 48
[22-Mar-2018 19:53:36 Asia/Jakarta] PHP Notice:  Undefined variable: list_stores in /home/loyalty-pillar/apps/release/2017-10-25-17-54-37/cache/_home_loyalty-pillar_apps_release_2017-10-25-17-54-37_app_views_purple_report_allsettlementsummary.volt.php on line 142
[22-Mar-2018 19:53:36 Asia/Jakarta] PHP Warning:  Invalid argument supplied for foreach() in /home/loyalty-pillar/apps/release/2017-10-25-17-54-37/cache/_home_loyalty-pillar_apps_release_2017-10-25-17-54-37_app_views_purple_report_allsettlementsummary.volt.php on line 142
[22-Mar-2018 19:53:39 Asia/Jakarta] PHP Notice:  Undefined index: payment_method in /home/loyalty-pillar/apps/release/2017-10-25-17-54-37/app/models/Merchants.php on line 47
[22-Mar-2018 19:53:39 Asia/Jakarta] PHP Warning:  Invalid argument supplied for foreach() in /home/loyalty-pillar/apps/release/2017-10-25-17-54-37/app/models/Merchants.php on line 48
[22-Mar-2018 19:54:07 Asia/Jakarta] PHP Notice:  Undefined variable: list_stores in /home/loyalty-pillar/apps/release/2017-10-25-17-54-37/cache/_home_loyalty-pillar_apps_release_2017-10-25-17-54-37_app_views_purple_report_allsettlementsummary.volt.php on line 142
[22-Mar-2018 19:54:07 Asia/Jakarta] PHP Warning:  Invalid argument supplied for foreach() in /home/loyalty-pillar/apps/release/2017-10-25-17-54-37/cache/_home_loyalty-pillar_apps_release_2017-10-25-17-54-37_app_views_purple_report_allsettlementsummary.volt.php on line 142
[22-Mar-2018 19:54:09 Asia/Jakarta] PHP Notice:  Undefined index: payment_method in /home/loyalty-pillar/apps/release/2017-10-25-17-54-37/app/models/Merchants.php on line 47
[22-Mar-2018 19:54:09 Asia/Jakarta] PHP Warning:  Invalid argument supplied for foreach() in /home/loyalty-pillar/apps/release/2017-10-25-17-54-37/app/models/Merchants.php on line 48
[22-Mar-2018 19:54:19 Asia/Jakarta] PHP Notice:  Undefined variable: list_stores in /home/loyalty-pillar/apps/release/2017-10-25-17-54-37/cache/_home_loyalty-pillar_apps_release_2017-10-25-17-54-37_app_views_purple_report_allsettlementsummary.volt.php on line 142
[22-Mar-2018 19:54:19 Asia/Jakarta] PHP Warning:  Invalid argument supplied for foreach() in /home/loyalty-pillar/apps/release/2017-10-25-17-54-37/cache/_home_loyalty-pillar_apps_release_2017-10-25-17-54-37_app_views_purple_report_allsettlementsummary.volt.php on line 142
[23-Mar-2018 08:59:05 Asia/Jakarta] PHP Notice:  Undefined variable: list_stores in /home/loyalty-pillar/apps/release/2017-10-25-17-54-37/cache/_home_loyalty-pillar_apps_release_2017-10-25-17-54-37_app_views_purple_report_allsettlementsummary.volt.php on line 142
[23-Mar-2018 08:59:05 Asia/Jakarta] PHP Warning:  Invalid argument supplied for foreach() in /home/loyalty-pillar/apps/release/2017-10-25-17-54-37/cache/_home_loyalty-pillar_apps_release_2017-10-25-17-54-37_app_views_purple_report_allsettlementsummary.volt.php on line 142
[23-Mar-2018 08:59:25 Asia/Jakarta] PHP Notice:  Undefined index: payment_method in /home/loyalty-pillar/apps/release/2017-10-25-17-54-37/app/models/Merchants.php on line 47
[23-Mar-2018 08:59:25 Asia/Jakarta] PHP Warning:  Invalid argument supplied for foreach() in /home/loyalty-pillar/apps/release/2017-10-25-17-54-37/app/models/Merchants.php on line 48
