
[22-Mar-2018 14:49:26.159842]  [pool loyalty-admin] pid 17518
script_filename = /home/loyalty-pillar/apps/release/current/public/index.php
[0x00007fb133534aa8] curl_exec() /home/loyalty-pillar/apps/release/2017-10-25-17-54-37/app/libraries/CurlWrapper.php:431
[0x00007fb133534980] request() /home/loyalty-pillar/apps/release/2017-10-25-17-54-37/app/libraries/CurlWrapper.php:237
[0x00007fb133534858] get() /home/loyalty-pillar/apps/release/2017-10-25-17-54-37/app/models/Merchants.php:44
[0x00007fb1335346d0] getDetail() /home/loyalty-pillar/apps/release/2017-10-25-17-54-37/app/controllers/TerminalController.php:21
[0x00007ffdbc53d800] indexAction() unknown:0
[0x00007ffdbc53db90] callActionMethod() unknown:0
[0x00007ffdbc53e1f0] _dispatch() unknown:0
[0x00007ffdbc53e5f0] dispatch() unknown:0
[0x00007fb133534560] handle() /home/loyalty-pillar/apps/release/2017-10-25-17-54-37/public/index.php:45

[22-Mar-2018 14:49:34.829516]  [pool loyalty-admin] pid 17519
script_filename = /home/loyalty-pillar/apps/release/current/public/index.php
[0x00007fb133534b38] curl_exec() /home/loyalty-pillar/apps/release/2017-10-25-17-54-37/app/libraries/CurlWrapper.php:431
[0x00007fb133534a10] request() /home/loyalty-pillar/apps/release/2017-10-25-17-54-37/app/libraries/CurlWrapper.php:237
[0x00007fb1335348e8] get() /home/loyalty-pillar/apps/release/2017-10-25-17-54-37/app/models/Merchants.php:44
[0x00007fb133534760] getDetail() /home/loyalty-pillar/apps/release/2017-10-25-17-54-37/app/controllers/TerminalController.php:21
[0x00007ffdbc53d800] indexAction() unknown:0
[0x00007ffdbc53db90] callActionMethod() unknown:0
[0x00007ffdbc53e1f0] _dispatch() unknown:0
[0x00007ffdbc53e5f0] dispatch() unknown:0
[0x00007fb1335345f0] handle() /home/loyalty-pillar/apps/release/2017-10-25-17-54-37/public/index.php:45

[22-Mar-2018 14:49:42.833118]  [pool loyalty-admin] pid 17518
script_filename = /home/loyalty-pillar/apps/release/current/public/index.php
[0x00007fb133534aa8] curl_exec() /home/loyalty-pillar/apps/release/2017-10-25-17-54-37/app/libraries/CurlWrapper.php:431
[0x00007fb133534980] request() /home/loyalty-pillar/apps/release/2017-10-25-17-54-37/app/libraries/CurlWrapper.php:237
[0x00007fb133534858] get() /home/loyalty-pillar/apps/release/2017-10-25-17-54-37/app/models/Merchants.php:44
[0x00007fb1335346d0] getDetail() /home/loyalty-pillar/apps/release/2017-10-25-17-54-37/app/controllers/TerminalController.php:21
[0x00007ffdbc53d800] indexAction() unknown:0
[0x00007ffdbc53db90] callActionMethod() unknown:0
[0x00007ffdbc53e1f0] _dispatch() unknown:0
[0x00007ffdbc53e5f0] dispatch() unknown:0
[0x00007fb133534560] handle() /home/loyalty-pillar/apps/release/2017-10-25-17-54-37/public/index.php:45

[22-Mar-2018 14:50:07.509676]  [pool loyalty-admin] pid 17519
script_filename = /home/loyalty-pillar/apps/release/current/public/index.php
[0x00007fb133534a78] curl_exec() /home/loyalty-pillar/apps/release/2017-10-25-17-54-37/app/libraries/CurlWrapper.php:431
[0x00007fb133534950] request() /home/loyalty-pillar/apps/release/2017-10-25-17-54-37/app/libraries/CurlWrapper.php:237
[0x00007fb133534828] get() /home/loyalty-pillar/apps/release/2017-10-25-17-54-37/app/models/Merchants.php:44
[0x00007fb1335346a0] getDetail() /home/loyalty-pillar/apps/release/2017-10-25-17-54-37/app/controllers/TerminalController.php:21
[0x00007ffdbc53d800] indexAction() unknown:0
[0x00007ffdbc53db90] callActionMethod() unknown:0
[0x00007ffdbc53e1f0] _dispatch() unknown:0
[0x00007ffdbc53e5f0] dispatch() unknown:0
[0x00007fb133534530] handle() /home/loyalty-pillar/apps/release/2017-10-25-17-54-37/public/index.php:45

[22-Mar-2018 14:50:37.521522]  [pool loyalty-admin] pid 17518
script_filename = /home/loyalty-pillar/apps/release/current/public/index.php
[0x00007fb133534a78] curl_exec() /home/loyalty-pillar/apps/release/2017-10-25-17-54-37/app/libraries/CurlWrapper.php:431
[0x00007fb133534950] request() /home/loyalty-pillar/apps/release/2017-10-25-17-54-37/app/libraries/CurlWrapper.php:237
[0x00007fb133534828] get() /home/loyalty-pillar/apps/release/2017-10-25-17-54-37/app/models/Merchants.php:44
[0x00007fb1335346a0] getDetail() /home/loyalty-pillar/apps/release/2017-10-25-17-54-37/app/controllers/TerminalController.php:21
[0x00007ffdbc53d800] indexAction() unknown:0
[0x00007ffdbc53db90] callActionMethod() unknown:0
[0x00007ffdbc53e1f0] _dispatch() unknown:0
[0x00007ffdbc53e5f0] dispatch() unknown:0
[0x00007fb133534530] handle() /home/loyalty-pillar/apps/release/2017-10-25-17-54-37/public/index.php:45

[22-Mar-2018 14:50:45.525268]  [pool loyalty-admin] pid 17519
script_filename = /home/loyalty-pillar/apps/release/current/public/index.php
[0x00007fb133534b08] curl_exec() /home/loyalty-pillar/apps/release/2017-10-25-17-54-37/app/libraries/CurlWrapper.php:431
[0x00007fb1335349e0] request() /home/loyalty-pillar/apps/release/2017-10-25-17-54-37/app/libraries/CurlWrapper.php:237
[0x00007fb1335348b8] get() /home/loyalty-pillar/apps/release/2017-10-25-17-54-37/app/models/Merchants.php:44
[0x00007fb133534730] getDetail() /home/loyalty-pillar/apps/release/2017-10-25-17-54-37/app/controllers/TerminalController.php:21
[0x00007ffdbc53d800] indexAction() unknown:0
[0x00007ffdbc53db90] callActionMethod() unknown:0
[0x00007ffdbc53e1f0] _dispatch() unknown:0
[0x00007ffdbc53e5f0] dispatch() unknown:0
[0x00007fb1335345c0] handle() /home/loyalty-pillar/apps/release/2017-10-25-17-54-37/public/index.php:45

[22-Mar-2018 14:51:13.536878]  [pool loyalty-admin] pid 17518
script_filename = /home/loyalty-pillar/apps/release/current/public/index.php
[0x00007fb133534b08] curl_exec() /home/loyalty-pillar/apps/release/2017-10-25-17-54-37/app/libraries/CurlWrapper.php:431
[0x00007fb1335349e0] request() /home/loyalty-pillar/apps/release/2017-10-25-17-54-37/app/libraries/CurlWrapper.php:237
[0x00007fb1335348b8] get() /home/loyalty-pillar/apps/release/2017-10-25-17-54-37/app/models/Merchants.php:44
[0x00007fb133534730] getDetail() /home/loyalty-pillar/apps/release/2017-10-25-17-54-37/app/controllers/TerminalController.php:21
[0x00007ffdbc53d800] indexAction() unknown:0
[0x00007ffdbc53db90] callActionMethod() unknown:0
[0x00007ffdbc53e1f0] _dispatch() unknown:0
[0x00007ffdbc53e5f0] dispatch() unknown:0
[0x00007fb1335345c0] handle() /home/loyalty-pillar/apps/release/2017-10-25-17-54-37/public/index.php:45

[22-Mar-2018 14:51:16.871393]  [pool loyalty-admin] pid 17519
script_filename = /home/loyalty-pillar/apps/release/current/public/index.php
[0x00007ffdbc53b8b0] session_start() unknown:0
[0x00007fb1335347c0] start() /home/loyalty-pillar/apps/release/2017-10-25-17-54-37/app/config/services.php:202
[0x00007ffdbc53bd00] {closure}() unknown:0
[0x00007ffdbc53c0d0] resolve() unknown:0
[0x00007ffdbc53c520] get() unknown:0
[0x00007ffdbc53c920] getShared() unknown:0
[0x00007ffdbc53cc90] __get() unknown:0
[0x00007fb133534630] beforeDispatch() /home/loyalty-pillar/apps/release/2017-10-25-17-54-37/app/plugins/SecurityPlugin.php:52
[0x00007ffdbc53d1c0] beforeDispatch() unknown:0
[0x00007ffdbc53d6f0] fireQueue() unknown:0
[0x00007ffdbc53db90] fire() unknown:0
[0x00007ffdbc53e1f0] _dispatch() unknown:0
[0x00007ffdbc53e5f0] dispatch() unknown:0
[0x00007fb133534498] handle() /home/loyalty-pillar/apps/release/2017-10-25-17-54-37/public/index.php:45

[22-Mar-2018 14:51:33.545510]  [pool loyalty-admin] pid 26230
script_filename = /home/loyalty-pillar/apps/release/current/public/index.php
[0x00007fb133534bd0] curl_exec() /home/loyalty-pillar/apps/release/2017-10-25-17-54-37/app/libraries/CurlWrapper.php:431
[0x00007fb133534aa8] request() /home/loyalty-pillar/apps/release/2017-10-25-17-54-37/app/libraries/CurlWrapper.php:237
[0x00007fb1335349a0] get() /home/loyalty-pillar/apps/release/2017-10-25-17-54-37/app/models/Terminals.php:24
[0x00007fb133534838] getTerminals() /home/loyalty-pillar/apps/release/2017-10-25-17-54-37/app/controllers/TerminalController.php:15
[0x00007ffdbc53d800] indexAction() unknown:0
[0x00007ffdbc53db90] callActionMethod() unknown:0
[0x00007ffdbc53e1f0] _dispatch() unknown:0
[0x00007ffdbc53e5f0] dispatch() unknown:0
[0x00007fb1335346c8] handle() /home/loyalty-pillar/apps/release/2017-10-25-17-54-37/public/index.php:45

[22-Mar-2018 14:52:59.579746]  [pool loyalty-admin] pid 17518
script_filename = /home/loyalty-pillar/apps/release/current/public/index.php
[0x00007fb1335349a0] curl_exec() /home/loyalty-pillar/apps/release/2017-10-25-17-54-37/app/libraries/CurlWrapper.php:431
[0x00007fb133534878] request() /home/loyalty-pillar/apps/release/2017-10-25-17-54-37/app/libraries/CurlWrapper.php:237
[0x00007fb133534770] get() /home/loyalty-pillar/apps/release/2017-10-25-17-54-37/app/models/Terminals.php:24
[0x00007fb133534608] getTerminals() /home/loyalty-pillar/apps/release/2017-10-25-17-54-37/app/controllers/TerminalController.php:15
[0x00007ffdbc53d800] indexAction() unknown:0
[0x00007ffdbc53db90] callActionMethod() unknown:0
[0x00007ffdbc53e1f0] _dispatch() unknown:0
[0x00007ffdbc53e5f0] dispatch() unknown:0
[0x00007fb133534498] handle() /home/loyalty-pillar/apps/release/2017-10-25-17-54-37/public/index.php:45

[22-Mar-2018 17:00:25.857455]  [pool loyalty-admin] pid 26674
script_filename = /home/loyalty-pillar/apps/release/current/public/index.php
[0x00007fb133534e38] curl_exec() /home/loyalty-pillar/apps/release/2017-10-25-17-54-37/app/models/ModelBase.php:45
[0x00007fb133534cb0] pushContainsFile() /home/loyalty-pillar/apps/release/2017-10-25-17-54-37/app/models/Merchants.php:79
[0x00007fb133534b28] add() /home/loyalty-pillar/apps/release/2017-10-25-17-54-37/app/controllers/MerchantController.php:67
[0x00007ffdbc53d800] addAction() unknown:0
[0x00007ffdbc53db90] callActionMethod() unknown:0
[0x00007ffdbc53e1f0] _dispatch() unknown:0
[0x00007ffdbc53e5f0] dispatch() unknown:0
[0x00007fb1335349b8] handle() /home/loyalty-pillar/apps/release/2017-10-25-17-54-37/public/index.php:45

[22-Mar-2018 19:13:47.887468]  [pool loyalty-admin] pid 27410
script_filename = /home/loyalty-pillar/apps/release/current/public/index.php
[0x00007f88abb15d18] curl_exec() /home/loyalty-pillar/apps/release/2017-10-25-17-54-37/app/models/ModelBase.php:45
[0x00007f88abb15b90] pushContainsFile() /home/loyalty-pillar/apps/release/2017-10-25-17-54-37/app/models/MembershipCards.php:67
[0x00007f88abb15a28] add() /home/loyalty-pillar/apps/release/2017-10-25-17-54-37/app/controllers/MembershipCardController.php:53
[0x00007ffd97644150] addAction() unknown:0
[0x00007ffd976444e0] callActionMethod() unknown:0
[0x00007ffd97644b40] _dispatch() unknown:0
[0x00007ffd97644f40] dispatch() unknown:0
[0x00007f88abb158b8] handle() /home/loyalty-pillar/apps/release/2017-10-25-17-54-37/public/index.php:45

[22-Mar-2018 19:21:06.708018]  [pool loyalty-admin] pid 27410
script_filename = /home/loyalty-pillar/apps/release/current/public/index.php
[0x00007f88abb15d18] curl_exec() /home/loyalty-pillar/apps/release/2017-10-25-17-54-37/app/models/ModelBase.php:45
[0x00007f88abb15b80] pushContainsFile() /home/loyalty-pillar/apps/release/2017-10-25-17-54-37/app/models/Points.php:71
[0x00007f88abb15a18] edit() /home/loyalty-pillar/apps/release/2017-10-25-17-54-37/app/controllers/PointController.php:56
[0x00007ffd97644150] adjustmentsAction() unknown:0
[0x00007ffd976444e0] callActionMethod() unknown:0
[0x00007ffd97644b40] _dispatch() unknown:0
[0x00007ffd97644f40] dispatch() unknown:0
[0x00007f88abb158a8] handle() /home/loyalty-pillar/apps/release/2017-10-25-17-54-37/public/index.php:45

[22-Mar-2018 19:37:37.059578]  [pool loyalty-admin] pid 27410
script_filename = /home/loyalty-pillar/apps/release/current/public/index.php
[0x00007f88abb15ca0] curl_exec() /home/loyalty-pillar/apps/release/2017-10-25-17-54-37/app/models/ModelBase.php:45
[0x00007f88abb15b08] pushContainsFile() /home/loyalty-pillar/apps/release/2017-10-25-17-54-37/app/models/Badges.php:56
[0x00007f88abb159e0] add() /home/loyalty-pillar/apps/release/2017-10-25-17-54-37/app/controllers/BadgeController.php:52
[0x00007ffd97644150] addAction() unknown:0
[0x00007ffd976444e0] callActionMethod() unknown:0
[0x00007ffd97644b40] _dispatch() unknown:0
[0x00007ffd97644f40] dispatch() unknown:0
[0x00007f88abb15890] handle() /home/loyalty-pillar/apps/release/2017-10-25-17-54-37/public/index.php:45

[22-Mar-2018 19:37:58.400828]  [pool loyalty-admin] pid 27409
script_filename = /home/loyalty-pillar/apps/release/current/public/index.php
[0x00007f88abb15ca0] curl_exec() /home/loyalty-pillar/apps/release/2017-10-25-17-54-37/app/models/ModelBase.php:45
[0x00007f88abb15b08] pushContainsFile() /home/loyalty-pillar/apps/release/2017-10-25-17-54-37/app/models/Badges.php:56
[0x00007f88abb159e0] add() /home/loyalty-pillar/apps/release/2017-10-25-17-54-37/app/controllers/BadgeController.php:52
[0x00007ffd97644150] addAction() unknown:0
[0x00007ffd976444e0] callActionMethod() unknown:0
[0x00007ffd97644b40] _dispatch() unknown:0
[0x00007ffd97644f40] dispatch() unknown:0
[0x00007f88abb15890] handle() /home/loyalty-pillar/apps/release/2017-10-25-17-54-37/public/index.php:45

[22-Mar-2018 19:38:24.411387]  [pool loyalty-admin] pid 27410
script_filename = /home/loyalty-pillar/apps/release/current/public/index.php
[0x00007f88abb15ca0] curl_exec() /home/loyalty-pillar/apps/release/2017-10-25-17-54-37/app/models/ModelBase.php:45
[0x00007f88abb15b08] pushContainsFile() /home/loyalty-pillar/apps/release/2017-10-25-17-54-37/app/models/Badges.php:56
[0x00007f88abb159e0] add() /home/loyalty-pillar/apps/release/2017-10-25-17-54-37/app/controllers/BadgeController.php:52
[0x00007ffd97644150] addAction() unknown:0
[0x00007ffd976444e0] callActionMethod() unknown:0
[0x00007ffd97644b40] _dispatch() unknown:0
[0x00007ffd97644f40] dispatch() unknown:0
[0x00007f88abb15890] handle() /home/loyalty-pillar/apps/release/2017-10-25-17-54-37/public/index.php:45

[22-Mar-2018 19:39:31.771333]  [pool loyalty-admin] pid 27410
script_filename = /home/loyalty-pillar/apps/release/current/public/index.php
[0x00007f88abb15ca0] curl_exec() /home/loyalty-pillar/apps/release/2017-10-25-17-54-37/app/models/ModelBase.php:45
[0x00007f88abb15b08] pushContainsFile() /home/loyalty-pillar/apps/release/2017-10-25-17-54-37/app/models/Cards.php:53
[0x00007f88abb159e0] add() /home/loyalty-pillar/apps/release/2017-10-25-17-54-37/app/controllers/CardController.php:47
[0x00007ffd97644150] addAction() unknown:0
[0x00007ffd976444e0] callActionMethod() unknown:0
[0x00007ffd97644b40] _dispatch() unknown:0
[0x00007ffd97644f40] dispatch() unknown:0
[0x00007f88abb15890] handle() /home/loyalty-pillar/apps/release/2017-10-25-17-54-37/public/index.php:45

[22-Mar-2018 19:46:09.919150]  [pool loyalty-admin] pid 27409
script_filename = /home/loyalty-pillar/apps/release/current/public/index.php
[0x00007f88abb159d0] curl_exec() /home/loyalty-pillar/apps/release/2017-10-25-17-54-37/app/libraries/CurlWrapper.php:431
[0x00007f88abb158a8] request() /home/loyalty-pillar/apps/release/2017-10-25-17-54-37/app/libraries/CurlWrapper.php:237
[0x00007f88abb157a0] get() /home/loyalty-pillar/apps/release/2017-10-25-17-54-37/app/models/Reports.php:127
[0x00007f88abb15638] getTopupHistory() /home/loyalty-pillar/apps/release/2017-10-25-17-54-37/app/controllers/ReportController.php:72
[0x00007ffd97644150] allTopupAction() unknown:0
[0x00007ffd976444e0] callActionMethod() unknown:0
[0x00007ffd97644b40] _dispatch() unknown:0
[0x00007ffd97644f40] dispatch() unknown:0
[0x00007f88abb154c8] handle() /home/loyalty-pillar/apps/release/2017-10-25-17-54-37/public/index.php:45

[23-Mar-2018 08:48:57.027232]  [pool loyalty-admin] pid 27410
script_filename = /home/loyalty-pillar/apps/release/current/public/index.php
[0x00007f88abb15d18] curl_exec() /home/loyalty-pillar/apps/release/2017-10-25-17-54-37/app/models/ModelBase.php:45
[0x00007f88abb15b80] pushContainsFile() /home/loyalty-pillar/apps/release/2017-10-25-17-54-37/app/models/Points.php:71
[0x00007f88abb15a18] edit() /home/loyalty-pillar/apps/release/2017-10-25-17-54-37/app/controllers/PointController.php:56
[0x00007ffd97644150] adjustmentsAction() unknown:0
[0x00007ffd976444e0] callActionMethod() unknown:0
[0x00007ffd97644b40] _dispatch() unknown:0
[0x00007ffd97644f40] dispatch() unknown:0
[0x00007f88abb158a8] handle() /home/loyalty-pillar/apps/release/2017-10-25-17-54-37/public/index.php:45

[23-Mar-2018 14:23:20.543069]  [pool loyalty-admin] pid 1464
script_filename = /home/loyalty-pillar/apps/release/current/public/index.php
[0x00007f88abb15e38] curl_exec() /home/loyalty-pillar/apps/release/2017-10-25-17-54-37/app/models/ModelBase.php:45
[0x00007f88abb15cb0] pushContainsFile() /home/loyalty-pillar/apps/release/2017-10-25-17-54-37/app/models/Merchants.php:79
[0x00007f88abb15b28] add() /home/loyalty-pillar/apps/release/2017-10-25-17-54-37/app/controllers/MerchantController.php:67
[0x00007ffd97644150] addAction() unknown:0
[0x00007ffd976444e0] callActionMethod() unknown:0
[0x00007ffd97644b40] _dispatch() unknown:0
[0x00007ffd97644f40] dispatch() unknown:0
[0x00007f88abb159b8] handle() /home/loyalty-pillar/apps/release/2017-10-25-17-54-37/public/index.php:45

[23-Mar-2018 14:24:08.561682]  [pool loyalty-admin] pid 1466
script_filename = /home/loyalty-pillar/apps/release/current/public/index.php
[0x00007f88abb15e90] curl_exec() /home/loyalty-pillar/apps/release/2017-10-25-17-54-37/app/models/ModelBase.php:45
[0x00007f88abb15cf8] pushContainsFile() /home/loyalty-pillar/apps/release/2017-10-25-17-54-37/app/models/Merchants.php:110
[0x00007f88abb15b48] edit() /home/loyalty-pillar/apps/release/2017-10-25-17-54-37/app/controllers/MerchantController.php:117
[0x00007ffd97644150] editAction() unknown:0
[0x00007ffd976444e0] callActionMethod() unknown:0
[0x00007ffd97644b40] _dispatch() unknown:0
[0x00007ffd97644f40] dispatch() unknown:0
[0x00007f88abb159d0] handle() /home/loyalty-pillar/apps/release/2017-10-25-17-54-37/public/index.php:45

[23-Mar-2018 14:24:45.909223]  [pool loyalty-admin] pid 1464
script_filename = /home/loyalty-pillar/apps/release/current/public/index.php
[0x00007f88abb15e90] curl_exec() /home/loyalty-pillar/apps/release/2017-10-25-17-54-37/app/models/ModelBase.php:45
[0x00007f88abb15cf8] pushContainsFile() /home/loyalty-pillar/apps/release/2017-10-25-17-54-37/app/models/Merchants.php:110
[0x00007f88abb15b48] edit() /home/loyalty-pillar/apps/release/2017-10-25-17-54-37/app/controllers/MerchantController.php:117
[0x00007ffd97644150] editAction() unknown:0
[0x00007ffd976444e0] callActionMethod() unknown:0
[0x00007ffd97644b40] _dispatch() unknown:0
[0x00007ffd97644f40] dispatch() unknown:0
[0x00007f88abb159d0] handle() /home/loyalty-pillar/apps/release/2017-10-25-17-54-37/public/index.php:45
